[INFO] [launch]: All log files can be found below /home/will/.ros/log/2024-02-15-17-42-30-263663-will-111780
[INFO] [launch]: Default logging verbosity is set to INFO
[INFO] [cf_publisher-1]: process started with pid [111781]
[INFO] [foxglove_bridge-2]: process started with pid [111783]
[INFO] [static_transform_publisher-3]: process started with pid [111785]
[INFO] [rviz2-4]: process started with pid [111788]
[static_transform_publisher-3] [WARN] [1708044150.394735885] []: Old-style arguments are deprecated; see --help for new-style arguments
[static_transform_publisher-3] [INFO] [1708044150.403680192] [static_transform_publisher_jBrB9Cv8YxeoLRU4]: Spinning until stopped - publishing transform
[static_transform_publisher-3] translation: ('0.000000', '0.000000', '0.015000')
[static_transform_publisher-3] rotation: ('0.000000', '0.000000', '0.000000', '1.000000')
[static_transform_publisher-3] from 'world' to 'cf1/base_link'
[foxglove_bridge-2] [INFO] [1708044150.404894754] [foxglove_bridge_component_manager]: Load Library: /opt/ros/humble/lib/libfoxglove_bridge_component.so
[foxglove_bridge-2] [INFO] [1708044150.409073526] [foxglove_bridge_component_manager]: Found class: rclcpp_components::NodeFactoryTemplate<foxglove_bridge::FoxgloveBridge>
[foxglove_bridge-2] [INFO] [1708044150.409101906] [foxglove_bridge_component_manager]: Instantiate class: rclcpp_components::NodeFactoryTemplate<foxglove_bridge::FoxgloveBridge>
[foxglove_bridge-2] [INFO] [1708044150.410489378] [foxglove_bridge]: Starting foxglove_bridge (humble, 0.7.4@) with WebSocket++/0.8.2
[foxglove_bridge-2] [INFO] [1708044150.410761998] [foxglove_bridge]: [WS] Server running without TLS
[foxglove_bridge-2] [INFO] [1708044150.410908139] [foxglove_bridge]: [WS] WebSocket server listening at ws://0.0.0.0:8765
[foxglove_bridge-2] [INFO] [1708044150.410909504] [foxglove_bridge]: [WS] WebSocket server run loop started
[rviz2-4] /opt/ros/humble/lib/rviz2/rviz2: symbol lookup error: /snap/core20/current/lib/x86_64-linux-gnu/libpthread.so.0: undefined symbol: __libc_pthread_init, version GLIBC_PRIVATE
[ERROR] [rviz2-4]: process has died [pid 111788, exit code 127, cmd '/opt/ros/humble/lib/rviz2/rviz2 --ros-args'].
[cf_publisher-1] [INFO] [1708044151.088031038] [crazyflie_publisher]: Got fly parameter
[cf_publisher-1] [INFO] [1708044151.088268985] [crazyflie_publisher]: Got URI parameter
[cf_publisher-1] [INFO] [1708044151.088422782] [crazyflie_publisher]: Got config_file parameter
[cf_publisher-1] [INFO] [1708044151.381041776] [crazyflie_publisher]: Reading crazyflie position from config file
[cf_publisher-1] [INFO] [1708044151.384578515] [crazyflie_publisher]: cf['translation']: [0, 0, 0.015], type <class 'list'>
[cf_publisher-1] Error no LogEntry to handle id=1
[cf_publisher-1] [INFO] [1708044151.385848698] [crazyflie_publisher]: Resetting cf position estimator
[cf_publisher-1] Error no LogEntry to handle id=2
[cf_publisher-1] [INFO] [1708044152.059145813] [crazyflie_publisher]: geo for bs 0 origin: [0, -0.2, 0.015] rotation matrix: [[0.0, 0.0, -1.0], [0.0, 1.0, 0.0], [1.0, 0.0, 0.0]]
[cf_publisher-1] [INFO] [1708044152.059820412] [crazyflie_publisher]: <class 'list'>
[cf_publisher-1] [INFO] [1708044152.060314702] [crazyflie_publisher]: geo for bs 1 origin: [0, 0.2, 0.015] rotation matrix: [[0.0, 0.0, -1.0], [0.0, 1.0, 0.0], [1.0, 0.0, 0.0]]
[cf_publisher-1] [INFO] [1708044152.060885590] [crazyflie_publisher]: <class 'list'>
[cf_publisher-1] [INFO] [1708044152.082075317] [crazyflie_publisher]: Lighthouse data correctly written to crazyflie
[foxglove_bridge-2] [INFO] [1708044199.310395209] [foxglove_bridge]: Removed channel 9 for topic "/cf1/map" (nav_msgs/msg/OccupancyGrid)
[foxglove_bridge-2] [INFO] [1708044199.310559020] [foxglove_bridge]: Removed channel 8 for topic "/initialpose" (geometry_msgs/msg/PoseWithCovarianceStamped)
[foxglove_bridge-2] [INFO] [1708044199.310585724] [foxglove_bridge]: Removed channel 6 for topic "/cf1/map_updates" (map_msgs/msg/OccupancyGridUpdate)
[foxglove_bridge-2] [INFO] [1708044199.310593979] [foxglove_bridge]: Removed channel 5 for topic "/clicked_point" (geometry_msgs/msg/PointStamped)
[foxglove_bridge-2] [INFO] [1708044199.310600400] [foxglove_bridge]: Removed channel 3 for topic "/goal_pose" (geometry_msgs/msg/PoseStamped)
