[DEBUG] [launch.launch_context]: emitting event synchronously: 'launch.events.IncludeLaunchDescription'
[INFO] [launch]: All log files can be found below /home/will/.ros/log/2024-02-12-18-19-02-206794-will-25071
[INFO] [launch]: Default logging verbosity is set to DEBUG
[DEBUG] [launch]: processing event: '<launch.events.include_launch_description.IncludeLaunchDescription object at 0x7f5a947f3670>'
[DEBUG] [launch]: processing event: '<launch.events.include_launch_description.IncludeLaunchDescription object at 0x7f5a947f3670>' ✓ '<launch.event_handlers.on_include_launch_description.OnIncludeLaunchDescription object at 0x7f5a947f1240>'
[INFO] [cf_publisher-1]: process started with pid [25081]
[DEBUG] [launch.launch_context]: emitting event: 'launch.events.process.ProcessStarted'
[INFO] [foxglove_bridge-2]: process started with pid [25083]
[DEBUG] [launch.launch_context]: emitting event: 'launch.events.process.ProcessStarted'
[DEBUG] [launch]: processing event: '<launch.events.process.process_started.ProcessStarted object at 0x7f5a94518310>'
[DEBUG] [launch]: processing event: '<launch.events.process.process_started.ProcessStarted object at 0x7f5a94518250>'
[DEBUG] [launch.launch_context]: emitting event synchronously: 'launch.events.process.ProcessStderr'
[DEBUG] [launch]: processing event: '<launch.events.process.process_stderr.ProcessStderr object at 0x7f5a95e931c0>'
[DEBUG] [launch]: processing event: '<launch.events.process.process_stderr.ProcessStderr object at 0x7f5a95e931c0>' ✓ '<launch.event_handlers.on_process_io.OnProcessIO object at 0x7f5a9443e410>'
[foxglove_bridge-2] [INFO] [1707787142.323357523] [foxglove_bridge_component_manager]: Load Library: /opt/ros/humble/lib/libfoxglove_bridge_component.so
[DEBUG] [launch.launch_context]: emitting event synchronously: 'launch.events.process.ProcessStderr'
[DEBUG] [launch]: processing event: '<launch.events.process.process_stderr.ProcessStderr object at 0x7f5a95e90b50>'
[DEBUG] [launch]: processing event: '<launch.events.process.process_stderr.ProcessStderr object at 0x7f5a95e90b50>' ✓ '<launch.event_handlers.on_process_io.OnProcessIO object at 0x7f5a9443e410>'
[foxglove_bridge-2] [INFO] [1707787142.327183562] [foxglove_bridge_component_manager]: Found class: rclcpp_components::NodeFactoryTemplate<foxglove_bridge::FoxgloveBridge>
[foxglove_bridge-2] [INFO] [1707787142.327199147] [foxglove_bridge_component_manager]: Instantiate class: rclcpp_components::NodeFactoryTemplate<foxglove_bridge::FoxgloveBridge>
[DEBUG] [launch.launch_context]: emitting event synchronously: 'launch.events.process.ProcessStderr'
[DEBUG] [launch]: processing event: '<launch.events.process.process_stderr.ProcessStderr object at 0x7f5a95e931c0>'
[DEBUG] [launch]: processing event: '<launch.events.process.process_stderr.ProcessStderr object at 0x7f5a95e931c0>' ✓ '<launch.event_handlers.on_process_io.OnProcessIO object at 0x7f5a9443e410>'
[foxglove_bridge-2] [INFO] [1707787142.328118998] [foxglove_bridge]: Starting foxglove_bridge (humble, 0.7.4@) with WebSocket++/0.8.2
[DEBUG] [launch.launch_context]: emitting event synchronously: 'launch.events.process.ProcessStderr'
[DEBUG] [launch]: processing event: '<launch.events.process.process_stderr.ProcessStderr object at 0x7f5a94518310>'
[DEBUG] [launch]: processing event: '<launch.events.process.process_stderr.ProcessStderr object at 0x7f5a94518310>' ✓ '<launch.event_handlers.on_process_io.OnProcessIO object at 0x7f5a9443e410>'
[foxglove_bridge-2] [INFO] [1707787142.328317735] [foxglove_bridge]: [WS] Server running without TLS
[DEBUG] [launch.launch_context]: emitting event synchronously: 'launch.events.process.ProcessStderr'
[DEBUG] [launch]: processing event: '<launch.events.process.process_stderr.ProcessStderr object at 0x7f5a95e90b50>'
[DEBUG] [launch]: processing event: '<launch.events.process.process_stderr.ProcessStderr object at 0x7f5a95e90b50>' ✓ '<launch.event_handlers.on_process_io.OnProcessIO object at 0x7f5a9443e410>'
[foxglove_bridge-2] [INFO] [1707787142.328436437] [foxglove_bridge]: [WS] WebSocket server listening at ws://0.0.0.0:8765
[foxglove_bridge-2] [INFO] [1707787142.328442178] [foxglove_bridge]: [WS] WebSocket server run loop started
[DEBUG] [launch.launch_context]: emitting event synchronously: 'launch.events.process.ProcessStderr'
[DEBUG] [launch]: processing event: '<launch.events.process.process_stderr.ProcessStderr object at 0x7f5a95e931c0>'
[DEBUG] [launch]: processing event: '<launch.events.process.process_stderr.ProcessStderr object at 0x7f5a95e931c0>' ✓ '<launch.event_handlers.on_process_io.OnProcessIO object at 0x7f5a94525780>'
[cf_publisher-1] [INFO] [1707787142.640869346] [crazyflie_publisher]: Got fly parameter
[DEBUG] [launch.launch_context]: emitting event synchronously: 'launch.events.process.ProcessStderr'
[DEBUG] [launch]: processing event: '<launch.events.process.process_stderr.ProcessStderr object at 0x7f5a95e931c0>'
[DEBUG] [launch]: processing event: '<launch.events.process.process_stderr.ProcessStderr object at 0x7f5a95e931c0>' ✓ '<launch.event_handlers.on_process_io.OnProcessIO object at 0x7f5a94525780>'
[cf_publisher-1] [INFO] [1707787142.641062569] [crazyflie_publisher]: Got URI parameter
[cf_publisher-1] [INFO] [1707787142.641196432] [crazyflie_publisher]: Got config_file parameter
[WARNING] [launch]: user interrupted with ctrl-c (SIGINT)
[DEBUG] [launch.launch_context]: emitting event synchronously: 'launch.events.Shutdown'
[DEBUG] [launch.launch_context]: emitting event synchronously: 'launch.events.process.ProcessStderr'
[DEBUG] [launch]: processing event: '<launch.events.shutdown.Shutdown object at 0x7f5a945183a0>'
[DEBUG] [launch]: processing event: '<launch.events.shutdown.Shutdown object at 0x7f5a945183a0>' ✓ '<launch.event_handlers.on_shutdown.OnShutdown object at 0x7f5a9443fa00>'
[DEBUG] [launch]: processing event: '<launch.events.shutdown.Shutdown object at 0x7f5a945183a0>' ✓ '<launch.event_handlers.on_shutdown.OnShutdown object at 0x7f5a94525c30>'
[DEBUG] [launch]: processing event: '<launch.events.shutdown.Shutdown object at 0x7f5a945183a0>' ✓ '<launch.event_handlers.on_shutdown.OnShutdown object at 0x7f5a947f2530>'
[DEBUG] [launch.launch_context]: emitting event synchronously: 'launch.events.process.ProcessStderr'
[DEBUG] [launch.launch_context]: emitting event synchronously: 'launch.events.process.ProcessStderr'
[DEBUG] [launch]: processing event: '<launch.events.process.process_stderr.ProcessStderr object at 0x7f5a95e90b50>'
[DEBUG] [launch]: processing event: '<launch.events.process.process_stderr.ProcessStderr object at 0x7f5a95e90b50>' ✓ '<launch.event_handlers.on_process_io.OnProcessIO object at 0x7f5a9443e410>'
[foxglove_bridge-2] [INFO] [1707787149.652879748] [rclcpp]: signal_handler(signum=2)
[DEBUG] [launch]: processing event: '<launch.events.process.process_stderr.ProcessStderr object at 0x7f5a9450b400>'
[DEBUG] [launch]: processing event: '<launch.events.process.process_stderr.ProcessStderr object at 0x7f5a9450b400>' ✓ '<launch.event_handlers.on_process_io.OnProcessIO object at 0x7f5a94525780>'
[cf_publisher-1] Traceback (most recent call last):
[cf_publisher-1]   File "/home/will/drl_swarm/install/webots_pkg/lib/webots_pkg/cf_publisher", line 33, in <module>
[cf_publisher-1]     sys.exit(load_entry_point('webots-pkg', 'console_scripts', 'cf_publisher')())
[cf_publisher-1]   File "/home/will/drl_swarm/build/webots_pkg/webots_pkg/crazyflie_publisher.py", line 395, in main
[cf_publisher-1]     rclpy.spin(crazyflie_publisher)
[cf_publisher-1]   File "/opt/ros/humble/local/lib/python3.10/dist-packages/rclpy/__init__.py", line 222, in spin
[cf_publisher-1]     executor.spin_once()
[cf_publisher-1]   File "/opt/ros/humble/local/lib/python3.10/dist-packages/rclpy/executors.py", line 739, in spin_once
[cf_publisher-1]     self._spin_once_impl(timeout_sec)
[cf_publisher-1]   File "/opt/ros/humble/local/lib/python3.10/dist-packages/rclpy/executors.py", line 728, in _spin_once_impl
[cf_publisher-1]     handler, entity, node = self.wait_for_ready_callbacks(timeout_sec=timeout_sec)
[cf_publisher-1]   File "/opt/ros/humble/local/lib/python3.10/dist-packages/rclpy/executors.py", line 711, in wait_for_ready_callbacks
[cf_publisher-1]     return next(self._cb_iter)
[cf_publisher-1]   File "/opt/ros/humble/local/lib/python3.10/dist-packages/rclpy/executors.py", line 608, in _wait_for_ready_callbacks
[cf_publisher-1]     wait_set.wait(timeout_nsec)
[cf_publisher-1] KeyboardInterrupt
[DEBUG] [launch]: processing event: '<launch.events.process.process_stderr.ProcessStderr object at 0x7f5a9450b550>'
[DEBUG] [launch]: processing event: '<launch.events.process.process_stderr.ProcessStderr object at 0x7f5a9450b550>' ✓ '<launch.event_handlers.on_process_io.OnProcessIO object at 0x7f5a9443e410>'
[foxglove_bridge-2] [INFO] [1707787149.654260298] [foxglove_bridge]: Shutting down foxglove_bridge
[foxglove_bridge-2] [INFO] [1707787149.654295769] [foxglove_bridge]: [WS] Stopping WebSocket server
[foxglove_bridge-2] [INFO] [1707787149.654332364] [foxglove_bridge]: [WS] All WebSocket connections closed
[foxglove_bridge-2] [INFO] [1707787149.654335092] [foxglove_bridge]: [WS] Waiting for WebSocket server run loop to terminate
[foxglove_bridge-2] [INFO] [1707787149.654355825] [foxglove_bridge]: [WS] asio handle_accept error: asio.system:125 (Operation aborted.)
[foxglove_bridge-2] [INFO] [1707787149.654388371] [foxglove_bridge]: [WS] Error getting remote endpoint: asio.system:9 (Bad file descriptor)
[foxglove_bridge-2] [INFO] [1707787149.654412047] [foxglove_bridge]: [WS] asio async_shutdown error: asio.system:9 (Bad file descriptor)
[foxglove_bridge-2] [ERROR] [1707787149.654419974] [foxglove_bridge]: [WS] handle_accept error: Operation aborted.
[foxglove_bridge-2] [INFO] [1707787149.654423177] [foxglove_bridge]: [WS] Stopping acceptance of new connections because the underlying transport is no longer listening.
[foxglove_bridge-2] [INFO] [1707787149.654441634] [foxglove_bridge]: [WS] WebSocket server run loop stopped
[foxglove_bridge-2] [INFO] [1707787149.654547384] [foxglove_bridge]: [WS] WebSocket server run loop terminated
[foxglove_bridge-2] [INFO] [1707787149.654568700] [foxglove_bridge]: Shutdown complete
[ERROR] [cf_publisher-1]: process has died [pid 25081, exit code -2, cmd '/home/will/drl_swarm/install/webots_pkg/lib/webots_pkg/cf_publisher --ros-args --params-file /tmp/launch_params_dkwa8s5b'].
[DEBUG] [launch.launch_context]: emitting event: 'launch.events.process.ProcessExited'
[DEBUG] [launch]: processing event: '<launch.events.process.process_exited.ProcessExited object at 0x7f5a95e91cc0>'
[DEBUG] [launch]: processing event: '<launch.events.process.process_exited.ProcessExited object at 0x7f5a95e91cc0>' ✓ '<launch.event_handlers.on_process_exit.OnProcessExit object at 0x7f5a94526b60>'
[DEBUG] [launch]: processing event: '<launch.events.process.process_exited.ProcessExited object at 0x7f5a95e91cc0>' ✓ '<launch.event_handlers.on_process_exit.OnProcessExit object at 0x7f5a94525570>'
[INFO] [foxglove_bridge-2]: process has finished cleanly [pid 25083]
[DEBUG] [launch.launch_context]: emitting event: 'launch.events.process.ProcessExited'
[DEBUG] [launch]: processing event: '<launch.events.process.process_exited.ProcessExited object at 0x7f5a94518730>'
[DEBUG] [launch]: processing event: '<launch.events.process.process_exited.ProcessExited object at 0x7f5a94518730>' ✓ '<launch.event_handlers.on_process_exit.OnProcessExit object at 0x7f5a9443de40>'
[DEBUG] [launch]: processing event: '<launch.events.process.process_exited.ProcessExited object at 0x7f5a94518730>' ✓ '<launch.event_handlers.on_process_exit.OnProcessExit object at 0x7f5a9443e860>'
